2025-10-25 06:48:38 [12819]: 
2025-10-25 06:48:38 [12819]: LZ ISPRO v1.1.8 script commands start......
2025-10-25 06:48:38 [12819]: By LZ (larsonzhang@gmail.com)
2025-10-25 06:48:38 [12819]: ---------------------------------------------
2025-10-25 06:48:38 [12819]: Command in the /jffs/scripts/lzispro
2025-10-25 06:48:38 [12819]: Launch Script  ./lzispro.sh
2025-10-25 06:48:38 [12819]: Forced Stop    ./lzispro.sh stop
2025-10-25 06:48:38 [12819]: CIDR Merge     ./lzispro.sh cidr [4:ipv4|6:ipv6] [input file] [output file]
2025-10-25 06:48:38 [12819]: ---------------------------------------------
2025-10-25 06:48:38 [12819]: Linux 4.19.183 aarch64 ASUSWRT-Merlin
2025-10-25 06:48:38 [12819]: #1 SMP PREEMPT Sun Nov 17 14:19:10 EST 2024
2025-10-25 06:48:38 [12819]: ---------------------------------------------
2025-10-25 06:48:42 [12819]: Exciting fetch......
2025-10-25 06:48:44 [12819]: lz_apnic_ip_info.txt OK
2025-10-25 06:48:44 [12819]: ---------------------------------------------
2025-10-25 06:48:45 [12819]: lz_all_cn.txt 8690 OK
2025-10-25 06:48:45 [12819]: ---------------------------------------------
2025-10-25 06:48:45 [12819]: Generating IPv4 ISP item data takes a long time.
2025-10-25 06:48:47 [12819]: Use 48 processes for parallel query processing.
2025-10-25 06:48:47 [12819]: Whois client (whois-aarch64) threads: 1
2025-10-25 06:48:47 [12819]: Don't interrupt & Please wait......
2025-10-25 06:50:46 [12819]: lz_chinatelecom.txt 1948 OK
2025-10-25 06:50:46 [12819]: lz_unicom_cnc.txt 846 OK
2025-10-25 06:50:46 [12819]: lz_cmcc.txt 80 OK
2025-10-25 06:50:46 [12819]: lz_chinabtn.txt 28 OK
2025-10-25 06:50:46 [12819]: lz_cernet.txt 175 OK
2025-10-25 06:50:46 [12819]: lz_gwbn.txt 305 OK
2025-10-25 06:50:46 [12819]: lz_othernet.txt 5308 OK
2025-10-25 06:50:47 [12819]: lz_hk.txt 2711 OK
2025-10-25 06:50:48 [12819]: lz_mo.txt 38 OK
2025-10-25 06:50:48 [12819]: lz_tw.txt 945 OK
2025-10-25 06:50:48 [12819]: ---------------------------------------------
2025-10-25 06:50:48 [12819]: Generating IPv4 CIDR Data takes some time.
2025-10-25 06:50:48 [12819]: Hash Merging (Hash Table Random Access)
2025-10-25 06:50:48 [12819]: Don't interrupt & Please wait......
2025-10-25 06:50:57 [12819]: lz_all_cn_cidr.txt 5473 OK
2025-10-25 06:51:00 [12819]: lz_chinatelecom_cidr.txt 1712 OK
2025-10-25 06:51:03 [12819]: lz_unicom_cnc_cidr.txt 610 OK
2025-10-25 06:51:06 [12819]: lz_cmcc_cidr.txt 73 OK
2025-10-25 06:51:10 [12819]: lz_chinabtn_cidr.txt 19 OK
2025-10-25 06:51:13 [12819]: lz_cernet_cidr.txt 83 OK
2025-10-25 06:51:16 [12819]: lz_gwbn_cidr.txt 176 OK
2025-10-25 06:51:22 [12819]: lz_othernet_cidr.txt 3344 OK
2025-10-25 06:51:25 [12819]: lz_hk_cidr.txt 2386 OK
2025-10-25 06:51:28 [12819]: lz_mo_cidr.txt 30 OK
2025-10-25 06:51:31 [12819]: lz_tw_cidr.txt 711 OK
2025-10-25 06:51:31 [12819]: ---------------------------------------------
2025-10-25 06:51:31 [12819]: lz_all_cn_ipv6.txt 2041 OK
2025-10-25 06:51:31 [12819]: ---------------------------------------------
2025-10-25 06:51:31 [12819]: Generating IPv6 ISP item data takes a long time.
2025-10-25 06:51:33 [12819]: Use 48 processes for parallel query processing.
2025-10-25 06:51:33 [12819]: Whois client (whois-aarch64) threads: 1
2025-10-25 06:51:33 [12819]: Don't interrupt & Please wait......
2025-10-25 06:52:04 [12819]: lz_chinatelecom_ipv6.txt 40 OK
2025-10-25 06:52:04 [12819]: lz_unicom_cnc_ipv6.txt 27 OK
2025-10-25 06:52:04 [12819]: lz_cmcc_ipv6.txt 4 OK
2025-10-25 06:52:04 [12819]: lz_chinabtn_ipv6.txt 16 OK
2025-10-25 06:52:04 [12819]: lz_cernet_ipv6.txt 41 OK
2025-10-25 06:52:04 [12819]: lz_gwbn_ipv6.txt 134 OK
2025-10-25 06:52:04 [12819]: lz_othernet_ipv6.txt 1779 OK
2025-10-25 06:52:05 [12819]: lz_hk_ipv6.txt 742 OK
2025-10-25 06:52:05 [12819]: lz_mo_ipv6.txt 11 OK
2025-10-25 06:52:06 [12819]: lz_tw_ipv6.txt 324 OK
2025-10-25 06:52:06 [12819]: ---------------------------------------------
2025-10-25 06:52:06 [12819]: Generating IPv6 CIDR Data takes some time.
2025-10-25 06:52:06 [12819]: Hash Merging (Hash Table Random Access)
2025-10-25 06:52:06 [12819]: Don't interrupt & Please wait......
2025-10-25 06:52:12 [12819]: lz_all_cn_ipv6_cidr.txt 2013 OK
2025-10-25 06:52:15 [12819]: lz_chinatelecom_ipv6_cidr.txt 34 OK
2025-10-25 06:52:18 [12819]: lz_unicom_cnc_ipv6_cidr.txt 25 OK
2025-10-25 06:52:21 [12819]: lz_cmcc_ipv6_cidr.txt 4 OK
2025-10-25 06:52:24 [12819]: lz_chinabtn_ipv6_cidr.txt 16 OK
2025-10-25 06:52:27 [12819]: lz_cernet_ipv6_cidr.txt 29 OK
2025-10-25 06:52:30 [12819]: lz_gwbn_ipv6_cidr.txt 134 OK
2025-10-25 06:52:36 [12819]: lz_othernet_ipv6_cidr.txt 1771 OK
2025-10-25 06:52:39 [12819]: lz_hk_ipv6_cidr.txt 719 OK
2025-10-25 06:52:42 [12819]: lz_mo_ipv6_cidr.txt 11 OK
2025-10-25 06:52:45 [12819]: lz_tw_ipv6_cidr.txt 318 OK
2025-10-25 06:52:46 [12819]: ---------------------------------------------
2025-10-25 06:52:46 [12819]: Data Time       2025-10-24 23:16:32
2025-10-25 06:52:46 [12819]: APNIC IP INFO   /jffs/scripts/lzispro/apnic
2025-10-25 06:52:46 [12819]: ISP IPv4        /jffs/scripts/lzispro/isp
2025-10-25 06:52:46 [12819]: ISP IPv4 CIDR   /jffs/scripts/lzispro/cidr
2025-10-25 06:52:46 [12819]: ISP IPv6        /jffs/scripts/lzispro/ipv6
2025-10-25 06:52:46 [12819]: ISP IPv6 CIDR   /jffs/scripts/lzispro/ipv6_cidr
2025-10-25 06:52:46 [12819]: Elapsed Time           00:04:08
2025-10-25 06:52:46 [12819]: ---------------------------------------------
2025-10-25 06:52:46 [12819]: LZ ISPRO v1.1.8 script commands executed!
2025-10-25 06:52:46 [12819]: 
