[remote_build] Repo root: /d/LZProjects/whois
[remote_build] Check SSH connectivity/auth
[remote_build] Create remote work dir: /home/larson/whois_remote/src
[remote_build] Upload repository (exclude .git and out/artifacts)
[remote_build] Remote build and optional tests
[remote_build] Repo dir: /home/larson/whois_remote/src/whois
[remote_build] Artifacts: /home/larson/whois_remote/src/whois/out/build_out
[remote_build] Targets: aarch64 armv7 x86_64 x86 mipsel mips64el loongarch64
[remote_build] PATH: /usr/local/sbin:/usr/local/bin:/usr/sbin:/usr/bin:/sbin:/bin:/usr/games:/usr/local/games:/snap/bin
[remote_build] Smoke mode: net
[remote_build] Smoke queries: 8.8.8.8
[remote_build] Running port-43 connectivity pre-checks (log-only)
[remote_build] Port 43 pre-check: whois.iana.org OK
[remote_build] Port 43 pre-check: whois.apnic.net OK
[remote_build] Building aarch64 => whois-aarch64 (CC: /home/larson/.local/aarch64-linux-musl-cross/bin/aarch64-linux-musl-gcc)
[remote_build] UPX compress whois-aarch64
                       Ultimate Packer for eXecutables
                          Copyright (C) 1996 - 2024
UPX 4.2.2       Markus Oberhumer, Laszlo Molnar & John Reiser    Jan 3rd 2024

        File size         Ratio      Format      Name
   --------------------   ------   -----------   -----------
    180344 ->     81404   45.14%   linux/arm64   whois-aarch64

Packed 1 file.
[remote_build] QEMU smoke: whois-aarch64 ...
[remote_build] Building armv7 => whois-armv7 (CC: /home/larson/.local/arm-linux-musleabihf-cross/bin/arm-linux-musleabihf-gcc)
[remote_build] QEMU smoke: whois-armv7 ...
[remote_build] Building x86_64 => whois-x86_64 (CC: /home/larson/.local/x86_64-linux-musl-cross/bin/x86_64-linux-musl-gcc)
[remote_build] UPX compress whois-x86_64
                       Ultimate Packer for eXecutables
                          Copyright (C) 1996 - 2024
UPX 4.2.2       Markus Oberhumer, Laszlo Molnar & John Reiser    Jan 3rd 2024

        File size         Ratio      Format      Name
   --------------------   ------   -----------   -----------
    155728 ->     76520   49.14%   linux/amd64   whois-x86_64

Packed 1 file.
[remote_build] QEMU smoke: whois-x86_64 ...
[remote_build] Building x86 => whois-x86 (CC: /home/larson/.local/i686-linux-musl-cross/bin/i686-linux-musl-gcc)
[remote_build] QEMU smoke: whois-x86 ...
[remote_build] Building mipsel => whois-mipsel (CC: /home/larson/.local/mipsel-linux-musl-cross/bin/mipsel-linux-musl-gcc)
[remote_build] QEMU smoke: whois-mipsel ...
[remote_build] Building mips64el => whois-mips64el (CC: /home/larson/.local/mips64el-linux-musl-cross/bin/mips64el-linux-musl-gcc)
[remote_build] QEMU smoke: whois-mips64el ...
[remote_build] Building loongarch64 => whois-loongarch64 (CC: /home/larson/.local/loongson-gnu-toolchain-8.3-x86_64-loongarch64-linux-gnu-rc1.6/bin/loongarch64-linux-gnu-gcc)
[remote_build] QEMU smoke: whois-loongarch64 ...
[remote_build] Done. Artifacts in: /home/larson/whois_remote/src/whois/out/build_out
[remote_build] Fetch artifacts -> /d/LZProjects/whois/out/artifacts/20251028-113224
[remote_build] Sync whois-* to: /d/LZProjects/lzispro/release/lzispro/whois
[remote_build] Remote cleanup: rm -rf /home/larson/whois_remote
[remote_build] Done. Artifacts saved to: /d/LZProjects/whois/out/artifacts/20251028-113224
[remote_build] Smoke test tail (last 40 lines):
StateProv:      CA
PostalCode:     94043
Country:        US
RegDate:        2000-03-30
Updated:        2019-10-31
Comment:        Please note that the recommended way to file abuse complaints are located in the following links. 
Comment:        
Comment:        To report abuse and illegal activity: https://www.google.com/contact/
Comment:        
Comment:        For legal requests: http://support.google.com/legal 
Comment:        
Comment:        Regards, 
Comment:        The Google Team
Ref:            https://rdap.arin.net/registry/entity/GOGL


OrgAbuseHandle: ABUSE5250-ARIN
OrgAbuseName:   Abuse
OrgAbusePhone:  +1-650-253-0000 
OrgAbuseEmail:  network-abuse@google.com
OrgAbuseRef:    https://rdap.arin.net/registry/entity/ABUSE5250-ARIN

OrgTechHandle: ZG39-ARIN
OrgTechName:   Google LLC
OrgTechPhone:  +1-650-253-0000 
OrgTechEmail:  arin-contact@google.com
OrgTechRef:    https://rdap.arin.net/registry/entity/ZG39-ARIN


#
# ARIN WHOIS data and services are subject to the Terms of Use
# available at: https://www.arin.net/resources/registry/whois/tou/
#
# If you see inaccuracies in the results, please report at
# https://www.arin.net/resources/registry/whois/inaccuracy_reporting/
#
# Copyright 1997-2025, American Registry for Internet Numbers, Ltd.
#

=== Authoritative RIR: whois.arin.net ===
